ARM GAS  C:\Users\Trenton\AppData\Local\Temp\cctUn4Z4.s 			page 1


   1              		.cpu cortex-m0
   2              		.fpu softvfp
   3              		.eabi_attribute 20, 1
   4              		.eabi_attribute 21, 1
   5              		.eabi_attribute 23, 3
   6              		.eabi_attribute 24, 1
   7              		.eabi_attribute 25, 1
   8              		.eabi_attribute 26, 1
   9              		.eabi_attribute 30, 6
  10              		.eabi_attribute 34, 0
  11              		.eabi_attribute 18, 4
  12              		.code	16
  13              		.file	"GLCD_SPIM_SCB.c"
  14              		.text
  15              	.Ltext0:
  16              		.cfi_sections	.debug_frame
  17              		.global	GLCD_SPIM_SCB_initVar
  18              		.bss
  19              		.type	GLCD_SPIM_SCB_initVar, %object
  20              		.size	GLCD_SPIM_SCB_initVar, 1
  21              	GLCD_SPIM_SCB_initVar:
  22 0000 00       		.space	1
  23              		.global	GLCD_SPIM_SCB_customIntrHandler
  24 0001 000000   		.align	2
  25              		.type	GLCD_SPIM_SCB_customIntrHandler, %object
  26              		.size	GLCD_SPIM_SCB_customIntrHandler, 4
  27              	GLCD_SPIM_SCB_customIntrHandler:
  28 0004 00000000 		.space	4
  29              		.section	.text.GLCD_SPIM_SCB_Init,"ax",%progbits
  30              		.align	2
  31              		.global	GLCD_SPIM_SCB_Init
  32              		.code	16
  33              		.thumb_func
  34              		.type	GLCD_SPIM_SCB_Init, %function
  35              	GLCD_SPIM_SCB_Init:
  36              	.LFB0:
  37              		.file 1 ".\\Generated_Source\\PSoC4\\GLCD_SPIM_SCB.c"
   1:.\Generated_Source\PSoC4/GLCD_SPIM_SCB.c **** /*******************************************************************************
   2:.\Generated_Source\PSoC4/GLCD_SPIM_SCB.c **** * File Name: GLCD_SPIM_SCB.c
   3:.\Generated_Source\PSoC4/GLCD_SPIM_SCB.c **** * Version 1.0
   4:.\Generated_Source\PSoC4/GLCD_SPIM_SCB.c **** *
   5:.\Generated_Source\PSoC4/GLCD_SPIM_SCB.c **** * Description:
   6:.\Generated_Source\PSoC4/GLCD_SPIM_SCB.c **** *  This file provides the source code to the API for the SCB Component.
   7:.\Generated_Source\PSoC4/GLCD_SPIM_SCB.c **** *
   8:.\Generated_Source\PSoC4/GLCD_SPIM_SCB.c **** * Note:
   9:.\Generated_Source\PSoC4/GLCD_SPIM_SCB.c **** *
  10:.\Generated_Source\PSoC4/GLCD_SPIM_SCB.c **** *******************************************************************************
  11:.\Generated_Source\PSoC4/GLCD_SPIM_SCB.c **** * Copyright 2013, Cypress Semiconductor Corporation.  All rights reserved.
  12:.\Generated_Source\PSoC4/GLCD_SPIM_SCB.c **** * You may use this file only in accordance with the license, terms, conditions,
  13:.\Generated_Source\PSoC4/GLCD_SPIM_SCB.c **** * disclaimers, and limitations in the end user license agreement accompanying
  14:.\Generated_Source\PSoC4/GLCD_SPIM_SCB.c **** * the software package with which this file was provided.
  15:.\Generated_Source\PSoC4/GLCD_SPIM_SCB.c **** *******************************************************************************/
  16:.\Generated_Source\PSoC4/GLCD_SPIM_SCB.c **** 
  17:.\Generated_Source\PSoC4/GLCD_SPIM_SCB.c **** #include "GLCD_SPIM_SCB_PVT.h"
  18:.\Generated_Source\PSoC4/GLCD_SPIM_SCB.c **** 
  19:.\Generated_Source\PSoC4/GLCD_SPIM_SCB.c **** #if(GLCD_SPIM_SCB_SCB_MODE_I2C_INC)
  20:.\Generated_Source\PSoC4/GLCD_SPIM_SCB.c ****     #include "GLCD_SPIM_SCB_I2C_PVT.h"
ARM GAS  C:\Users\Trenton\AppData\Local\Temp\cctUn4Z4.s 			page 2


  21:.\Generated_Source\PSoC4/GLCD_SPIM_SCB.c **** #endif /* (GLCD_SPIM_SCB_SCB_MODE_I2C_INC) */
  22:.\Generated_Source\PSoC4/GLCD_SPIM_SCB.c **** 
  23:.\Generated_Source\PSoC4/GLCD_SPIM_SCB.c **** #if(GLCD_SPIM_SCB_SCB_MODE_SPI_INC || GLCD_SPIM_SCB_SCB_MODE_UART_INC)
  24:.\Generated_Source\PSoC4/GLCD_SPIM_SCB.c ****     #include "GLCD_SPIM_SCB_SPI_UART_PVT.h"
  25:.\Generated_Source\PSoC4/GLCD_SPIM_SCB.c **** #endif /* (GLCD_SPIM_SCB_SCB_MODE_SPI_INC || GLCD_SPIM_SCB_SCB_MODE_UART_INC) */
  26:.\Generated_Source\PSoC4/GLCD_SPIM_SCB.c **** 
  27:.\Generated_Source\PSoC4/GLCD_SPIM_SCB.c **** 
  28:.\Generated_Source\PSoC4/GLCD_SPIM_SCB.c **** /**********************************
  29:.\Generated_Source\PSoC4/GLCD_SPIM_SCB.c **** *    Run Time Configuration Vars
  30:.\Generated_Source\PSoC4/GLCD_SPIM_SCB.c **** **********************************/
  31:.\Generated_Source\PSoC4/GLCD_SPIM_SCB.c **** 
  32:.\Generated_Source\PSoC4/GLCD_SPIM_SCB.c **** /* Stores internal component configuration for unconfigured mode */
  33:.\Generated_Source\PSoC4/GLCD_SPIM_SCB.c **** #if(GLCD_SPIM_SCB_SCB_MODE_UNCONFIG_CONST_CFG)
  34:.\Generated_Source\PSoC4/GLCD_SPIM_SCB.c ****     /* Common config vars */
  35:.\Generated_Source\PSoC4/GLCD_SPIM_SCB.c ****     volatile uint8 GLCD_SPIM_SCB_scbMode = GLCD_SPIM_SCB_SCB_MODE_UNCONFIG;
  36:.\Generated_Source\PSoC4/GLCD_SPIM_SCB.c ****     volatile uint8 GLCD_SPIM_SCB_scbEnableWake;
  37:.\Generated_Source\PSoC4/GLCD_SPIM_SCB.c **** 
  38:.\Generated_Source\PSoC4/GLCD_SPIM_SCB.c ****     /* I2C config vars */
  39:.\Generated_Source\PSoC4/GLCD_SPIM_SCB.c ****     volatile uint8 GLCD_SPIM_SCB_mode;
  40:.\Generated_Source\PSoC4/GLCD_SPIM_SCB.c ****     volatile uint8 GLCD_SPIM_SCB_acceptAddr;
  41:.\Generated_Source\PSoC4/GLCD_SPIM_SCB.c **** 
  42:.\Generated_Source\PSoC4/GLCD_SPIM_SCB.c ****     /* SPI/UART config vars */
  43:.\Generated_Source\PSoC4/GLCD_SPIM_SCB.c ****     volatile uint8 * GLCD_SPIM_SCB_rxBuffer;
  44:.\Generated_Source\PSoC4/GLCD_SPIM_SCB.c ****     volatile uint8   GLCD_SPIM_SCB_rxDataBits;
  45:.\Generated_Source\PSoC4/GLCD_SPIM_SCB.c ****     volatile uint32  GLCD_SPIM_SCB_rxBufferSize;
  46:.\Generated_Source\PSoC4/GLCD_SPIM_SCB.c **** 
  47:.\Generated_Source\PSoC4/GLCD_SPIM_SCB.c ****     volatile uint8 * GLCD_SPIM_SCB_txBuffer;
  48:.\Generated_Source\PSoC4/GLCD_SPIM_SCB.c ****     volatile uint8   GLCD_SPIM_SCB_txDataBits;
  49:.\Generated_Source\PSoC4/GLCD_SPIM_SCB.c ****     volatile uint32  GLCD_SPIM_SCB_txBufferSize;
  50:.\Generated_Source\PSoC4/GLCD_SPIM_SCB.c **** 
  51:.\Generated_Source\PSoC4/GLCD_SPIM_SCB.c **** #endif /* (GLCD_SPIM_SCB_SCB_MODE_UNCONFIG_CONST_CFG) */
  52:.\Generated_Source\PSoC4/GLCD_SPIM_SCB.c **** 
  53:.\Generated_Source\PSoC4/GLCD_SPIM_SCB.c **** 
  54:.\Generated_Source\PSoC4/GLCD_SPIM_SCB.c **** /**********************************
  55:.\Generated_Source\PSoC4/GLCD_SPIM_SCB.c **** *     Common SCB Vars
  56:.\Generated_Source\PSoC4/GLCD_SPIM_SCB.c **** **********************************/
  57:.\Generated_Source\PSoC4/GLCD_SPIM_SCB.c **** 
  58:.\Generated_Source\PSoC4/GLCD_SPIM_SCB.c **** uint8 GLCD_SPIM_SCB_initVar = 0u;
  59:.\Generated_Source\PSoC4/GLCD_SPIM_SCB.c **** cyisraddress GLCD_SPIM_SCB_customIntrHandler = NULL;
  60:.\Generated_Source\PSoC4/GLCD_SPIM_SCB.c **** 
  61:.\Generated_Source\PSoC4/GLCD_SPIM_SCB.c **** 
  62:.\Generated_Source\PSoC4/GLCD_SPIM_SCB.c **** /***************************************
  63:.\Generated_Source\PSoC4/GLCD_SPIM_SCB.c **** *    Private Function Prototypes
  64:.\Generated_Source\PSoC4/GLCD_SPIM_SCB.c **** ***************************************/
  65:.\Generated_Source\PSoC4/GLCD_SPIM_SCB.c **** 
  66:.\Generated_Source\PSoC4/GLCD_SPIM_SCB.c **** static void GLCD_SPIM_SCB_ScbModeStop(void);
  67:.\Generated_Source\PSoC4/GLCD_SPIM_SCB.c **** 
  68:.\Generated_Source\PSoC4/GLCD_SPIM_SCB.c **** 
  69:.\Generated_Source\PSoC4/GLCD_SPIM_SCB.c **** /*******************************************************************************
  70:.\Generated_Source\PSoC4/GLCD_SPIM_SCB.c **** * Function Name: GLCD_SPIM_SCB_Init
  71:.\Generated_Source\PSoC4/GLCD_SPIM_SCB.c **** ********************************************************************************
  72:.\Generated_Source\PSoC4/GLCD_SPIM_SCB.c **** *
  73:.\Generated_Source\PSoC4/GLCD_SPIM_SCB.c **** * Summary:
  74:.\Generated_Source\PSoC4/GLCD_SPIM_SCB.c **** *  Initializes SCB component to operate in one of selected configurations:
  75:.\Generated_Source\PSoC4/GLCD_SPIM_SCB.c **** *  I2C, SPI, UART, EZI2C or EZSPI.
  76:.\Generated_Source\PSoC4/GLCD_SPIM_SCB.c **** *  This function does not do any initialization when configuration is set to
  77:.\Generated_Source\PSoC4/GLCD_SPIM_SCB.c **** *  Unconfigured SCB.
ARM GAS  C:\Users\Trenton\AppData\Local\Temp\cctUn4Z4.s 			page 3


  78:.\Generated_Source\PSoC4/GLCD_SPIM_SCB.c **** *
  79:.\Generated_Source\PSoC4/GLCD_SPIM_SCB.c **** * Parameters:
  80:.\Generated_Source\PSoC4/GLCD_SPIM_SCB.c **** *  None
  81:.\Generated_Source\PSoC4/GLCD_SPIM_SCB.c **** *
  82:.\Generated_Source\PSoC4/GLCD_SPIM_SCB.c **** * Return:
  83:.\Generated_Source\PSoC4/GLCD_SPIM_SCB.c **** *  None
  84:.\Generated_Source\PSoC4/GLCD_SPIM_SCB.c **** *
  85:.\Generated_Source\PSoC4/GLCD_SPIM_SCB.c **** *******************************************************************************/
  86:.\Generated_Source\PSoC4/GLCD_SPIM_SCB.c **** void GLCD_SPIM_SCB_Init(void)
  87:.\Generated_Source\PSoC4/GLCD_SPIM_SCB.c **** {
  38              		.loc 1 87 0
  39              		.cfi_startproc
  40 0000 80B5     		push	{r7, lr}
  41              	.LCFI0:
  42              		.cfi_def_cfa_offset 8
  43              		.cfi_offset 7, -8
  44              		.cfi_offset 14, -4
  45 0002 00AF     		add	r7, sp, #0
  46              	.LCFI1:
  47              		.cfi_def_cfa_register 7
  88:.\Generated_Source\PSoC4/GLCD_SPIM_SCB.c ****     #if(GLCD_SPIM_SCB_SCB_MODE_UNCONFIG_CONST_CFG)
  89:.\Generated_Source\PSoC4/GLCD_SPIM_SCB.c ****         if(GLCD_SPIM_SCB_SCB_MODE_UNCONFIG_RUNTM_CFG)
  90:.\Generated_Source\PSoC4/GLCD_SPIM_SCB.c ****         {
  91:.\Generated_Source\PSoC4/GLCD_SPIM_SCB.c ****             GLCD_SPIM_SCB_initVar = 0u; /* Clear init var */
  92:.\Generated_Source\PSoC4/GLCD_SPIM_SCB.c ****         }
  93:.\Generated_Source\PSoC4/GLCD_SPIM_SCB.c ****         else
  94:.\Generated_Source\PSoC4/GLCD_SPIM_SCB.c ****         {
  95:.\Generated_Source\PSoC4/GLCD_SPIM_SCB.c ****             /* Initialization was done before call */
  96:.\Generated_Source\PSoC4/GLCD_SPIM_SCB.c ****         }
  97:.\Generated_Source\PSoC4/GLCD_SPIM_SCB.c **** 
  98:.\Generated_Source\PSoC4/GLCD_SPIM_SCB.c ****     #elif(GLCD_SPIM_SCB_SCB_MODE_I2C_CONST_CFG)
  99:.\Generated_Source\PSoC4/GLCD_SPIM_SCB.c ****         GLCD_SPIM_SCB_I2CInit();
 100:.\Generated_Source\PSoC4/GLCD_SPIM_SCB.c **** 
 101:.\Generated_Source\PSoC4/GLCD_SPIM_SCB.c ****     #elif(GLCD_SPIM_SCB_SCB_MODE_SPI_CONST_CFG)
 102:.\Generated_Source\PSoC4/GLCD_SPIM_SCB.c ****         GLCD_SPIM_SCB_SpiInit();
  48              		.loc 1 102 0
  49 0004 FFF7FEFF 		bl	GLCD_SPIM_SCB_SpiInit
 103:.\Generated_Source\PSoC4/GLCD_SPIM_SCB.c **** 
 104:.\Generated_Source\PSoC4/GLCD_SPIM_SCB.c ****     #elif(GLCD_SPIM_SCB_SCB_MODE_UART_CONST_CFG)
 105:.\Generated_Source\PSoC4/GLCD_SPIM_SCB.c ****         GLCD_SPIM_SCB_UartInit();
 106:.\Generated_Source\PSoC4/GLCD_SPIM_SCB.c **** 
 107:.\Generated_Source\PSoC4/GLCD_SPIM_SCB.c ****     #else
 108:.\Generated_Source\PSoC4/GLCD_SPIM_SCB.c **** 
 109:.\Generated_Source\PSoC4/GLCD_SPIM_SCB.c ****     #endif /* (GLCD_SPIM_SCB_SCB_MODE_UNCONFIG_CONST_CFG) */
 110:.\Generated_Source\PSoC4/GLCD_SPIM_SCB.c **** }
  50              		.loc 1 110 0
  51 0008 BD46     		mov	sp, r7
  52              		@ sp needed for prologue
  53 000a 80BD     		pop	{r7, pc}
  54              		.cfi_endproc
  55              	.LFE0:
  56              		.size	GLCD_SPIM_SCB_Init, .-GLCD_SPIM_SCB_Init
  57              		.section	.text.GLCD_SPIM_SCB_Enable,"ax",%progbits
  58              		.align	2
  59              		.global	GLCD_SPIM_SCB_Enable
  60              		.code	16
  61              		.thumb_func
ARM GAS  C:\Users\Trenton\AppData\Local\Temp\cctUn4Z4.s 			page 4


  62              		.type	GLCD_SPIM_SCB_Enable, %function
  63              	GLCD_SPIM_SCB_Enable:
  64              	.LFB1:
 111:.\Generated_Source\PSoC4/GLCD_SPIM_SCB.c **** 
 112:.\Generated_Source\PSoC4/GLCD_SPIM_SCB.c **** 
 113:.\Generated_Source\PSoC4/GLCD_SPIM_SCB.c **** /*******************************************************************************
 114:.\Generated_Source\PSoC4/GLCD_SPIM_SCB.c **** * Function Name: GLCD_SPIM_SCB_Enable
 115:.\Generated_Source\PSoC4/GLCD_SPIM_SCB.c **** ********************************************************************************
 116:.\Generated_Source\PSoC4/GLCD_SPIM_SCB.c **** *
 117:.\Generated_Source\PSoC4/GLCD_SPIM_SCB.c **** * Summary:
 118:.\Generated_Source\PSoC4/GLCD_SPIM_SCB.c **** *  Enables SCB component operation.
 119:.\Generated_Source\PSoC4/GLCD_SPIM_SCB.c **** *  The SCB configuration should be not changed when the component is enabled.
 120:.\Generated_Source\PSoC4/GLCD_SPIM_SCB.c **** *  Any configuration changes should be made after disabling the component.
 121:.\Generated_Source\PSoC4/GLCD_SPIM_SCB.c **** *
 122:.\Generated_Source\PSoC4/GLCD_SPIM_SCB.c **** * Parameters:
 123:.\Generated_Source\PSoC4/GLCD_SPIM_SCB.c **** *  None
 124:.\Generated_Source\PSoC4/GLCD_SPIM_SCB.c **** *
 125:.\Generated_Source\PSoC4/GLCD_SPIM_SCB.c **** * Return:
 126:.\Generated_Source\PSoC4/GLCD_SPIM_SCB.c **** *  None
 127:.\Generated_Source\PSoC4/GLCD_SPIM_SCB.c **** *
 128:.\Generated_Source\PSoC4/GLCD_SPIM_SCB.c **** *******************************************************************************/
 129:.\Generated_Source\PSoC4/GLCD_SPIM_SCB.c **** void GLCD_SPIM_SCB_Enable(void)
 130:.\Generated_Source\PSoC4/GLCD_SPIM_SCB.c **** {
  65              		.loc 1 130 0
  66              		.cfi_startproc
  67 0000 80B5     		push	{r7, lr}
  68              	.LCFI2:
  69              		.cfi_def_cfa_offset 8
  70              		.cfi_offset 7, -8
  71              		.cfi_offset 14, -4
  72 0002 00AF     		add	r7, sp, #0
  73              	.LCFI3:
  74              		.cfi_def_cfa_register 7
 131:.\Generated_Source\PSoC4/GLCD_SPIM_SCB.c ****     #if(GLCD_SPIM_SCB_SCB_MODE_UNCONFIG_CONST_CFG)
 132:.\Generated_Source\PSoC4/GLCD_SPIM_SCB.c ****         if(!GLCD_SPIM_SCB_SCB_MODE_UNCONFIG_RUNTM_CFG)
 133:.\Generated_Source\PSoC4/GLCD_SPIM_SCB.c ****         {
 134:.\Generated_Source\PSoC4/GLCD_SPIM_SCB.c ****             /* Enable SCB block, only if already configured */
 135:.\Generated_Source\PSoC4/GLCD_SPIM_SCB.c ****             GLCD_SPIM_SCB_CTRL_REG |= GLCD_SPIM_SCB_CTRL_ENABLED;
 136:.\Generated_Source\PSoC4/GLCD_SPIM_SCB.c ****         }
 137:.\Generated_Source\PSoC4/GLCD_SPIM_SCB.c ****     #else
 138:.\Generated_Source\PSoC4/GLCD_SPIM_SCB.c ****         GLCD_SPIM_SCB_CTRL_REG |= GLCD_SPIM_SCB_CTRL_ENABLED; /* Enable SCB block */
  75              		.loc 1 138 0
  76 0004 044B     		ldr	r3, .L3
  77 0006 044A     		ldr	r2, .L3
  78 0008 1268     		ldr	r2, [r2]
  79 000a 8021     		mov	r1, #128
  80 000c 0906     		lsl	r1, r1, #24
  81 000e 0A43     		orr	r2, r1
  82 0010 1A60     		str	r2, [r3]
 139:.\Generated_Source\PSoC4/GLCD_SPIM_SCB.c ****     #endif /* (GLCD_SPIM_SCB_SCB_MODE_UNCONFIG_CONST_CFG) */
 140:.\Generated_Source\PSoC4/GLCD_SPIM_SCB.c **** }
  83              		.loc 1 140 0
  84 0012 BD46     		mov	sp, r7
  85              		@ sp needed for prologue
  86 0014 80BD     		pop	{r7, pc}
  87              	.L4:
  88 0016 C046     		.align	2
ARM GAS  C:\Users\Trenton\AppData\Local\Temp\cctUn4Z4.s 			page 5


  89              	.L3:
  90 0018 00000740 		.word	1074200576
  91              		.cfi_endproc
  92              	.LFE1:
  93              		.size	GLCD_SPIM_SCB_Enable, .-GLCD_SPIM_SCB_Enable
  94              		.section	.text.GLCD_SPIM_SCB_Start,"ax",%progbits
  95              		.align	2
  96              		.global	GLCD_SPIM_SCB_Start
  97              		.code	16
  98              		.thumb_func
  99              		.type	GLCD_SPIM_SCB_Start, %function
 100              	GLCD_SPIM_SCB_Start:
 101              	.LFB2:
 141:.\Generated_Source\PSoC4/GLCD_SPIM_SCB.c **** 
 142:.\Generated_Source\PSoC4/GLCD_SPIM_SCB.c **** 
 143:.\Generated_Source\PSoC4/GLCD_SPIM_SCB.c **** /*******************************************************************************
 144:.\Generated_Source\PSoC4/GLCD_SPIM_SCB.c **** * Function Name: GLCD_SPIM_SCB_Start
 145:.\Generated_Source\PSoC4/GLCD_SPIM_SCB.c **** ********************************************************************************
 146:.\Generated_Source\PSoC4/GLCD_SPIM_SCB.c **** *
 147:.\Generated_Source\PSoC4/GLCD_SPIM_SCB.c **** * Summary:
 148:.\Generated_Source\PSoC4/GLCD_SPIM_SCB.c **** *  Invokes SCB_Init() and SCB_Enable().
 149:.\Generated_Source\PSoC4/GLCD_SPIM_SCB.c **** *  After this function call the component is enabled and ready for operation.
 150:.\Generated_Source\PSoC4/GLCD_SPIM_SCB.c **** *
 151:.\Generated_Source\PSoC4/GLCD_SPIM_SCB.c **** * Parameters:
 152:.\Generated_Source\PSoC4/GLCD_SPIM_SCB.c **** *  None
 153:.\Generated_Source\PSoC4/GLCD_SPIM_SCB.c **** *
 154:.\Generated_Source\PSoC4/GLCD_SPIM_SCB.c **** * Return:
 155:.\Generated_Source\PSoC4/GLCD_SPIM_SCB.c **** *  None
 156:.\Generated_Source\PSoC4/GLCD_SPIM_SCB.c **** *
 157:.\Generated_Source\PSoC4/GLCD_SPIM_SCB.c **** * Global variables:
 158:.\Generated_Source\PSoC4/GLCD_SPIM_SCB.c **** *  GLCD_SPIM_SCB_initVar - used to check initial configuration, modified
 159:.\Generated_Source\PSoC4/GLCD_SPIM_SCB.c **** *  on first function call.
 160:.\Generated_Source\PSoC4/GLCD_SPIM_SCB.c **** *
 161:.\Generated_Source\PSoC4/GLCD_SPIM_SCB.c **** *******************************************************************************/
 162:.\Generated_Source\PSoC4/GLCD_SPIM_SCB.c **** void GLCD_SPIM_SCB_Start(void)
 163:.\Generated_Source\PSoC4/GLCD_SPIM_SCB.c **** {
 102              		.loc 1 163 0
 103              		.cfi_startproc
 104 0000 80B5     		push	{r7, lr}
 105              	.LCFI4:
 106              		.cfi_def_cfa_offset 8
 107              		.cfi_offset 7, -8
 108              		.cfi_offset 14, -4
 109 0002 00AF     		add	r7, sp, #0
 110              	.LCFI5:
 111              		.cfi_def_cfa_register 7
 164:.\Generated_Source\PSoC4/GLCD_SPIM_SCB.c ****     if(0u == GLCD_SPIM_SCB_initVar)
 112              		.loc 1 164 0
 113 0004 064B     		ldr	r3, .L7
 114 0006 1B78     		ldrb	r3, [r3]
 115 0008 002B     		cmp	r3, #0
 116 000a 04D1     		bne	.L6
 165:.\Generated_Source\PSoC4/GLCD_SPIM_SCB.c ****     {
 166:.\Generated_Source\PSoC4/GLCD_SPIM_SCB.c ****         GLCD_SPIM_SCB_initVar = 1u; /* Component was initialized */
 117              		.loc 1 166 0
 118 000c 044B     		ldr	r3, .L7
 119 000e 0122     		mov	r2, #1
ARM GAS  C:\Users\Trenton\AppData\Local\Temp\cctUn4Z4.s 			page 6


 120 0010 1A70     		strb	r2, [r3]
 167:.\Generated_Source\PSoC4/GLCD_SPIM_SCB.c ****         GLCD_SPIM_SCB_Init();       /* Initialize component      */
 121              		.loc 1 167 0
 122 0012 FFF7FEFF 		bl	GLCD_SPIM_SCB_Init
 123              	.L6:
 168:.\Generated_Source\PSoC4/GLCD_SPIM_SCB.c ****     }
 169:.\Generated_Source\PSoC4/GLCD_SPIM_SCB.c **** 
 170:.\Generated_Source\PSoC4/GLCD_SPIM_SCB.c ****     GLCD_SPIM_SCB_Enable();
 124              		.loc 1 170 0
 125 0016 FFF7FEFF 		bl	GLCD_SPIM_SCB_Enable
 171:.\Generated_Source\PSoC4/GLCD_SPIM_SCB.c **** }
 126              		.loc 1 171 0
 127 001a BD46     		mov	sp, r7
 128              		@ sp needed for prologue
 129 001c 80BD     		pop	{r7, pc}
 130              	.L8:
 131 001e C046     		.align	2
 132              	.L7:
 133 0020 00000000 		.word	GLCD_SPIM_SCB_initVar
 134              		.cfi_endproc
 135              	.LFE2:
 136              		.size	GLCD_SPIM_SCB_Start, .-GLCD_SPIM_SCB_Start
 137              		.section	.text.GLCD_SPIM_SCB_Stop,"ax",%progbits
 138              		.align	2
 139              		.global	GLCD_SPIM_SCB_Stop
 140              		.code	16
 141              		.thumb_func
 142              		.type	GLCD_SPIM_SCB_Stop, %function
 143              	GLCD_SPIM_SCB_Stop:
 144              	.LFB3:
 172:.\Generated_Source\PSoC4/GLCD_SPIM_SCB.c **** 
 173:.\Generated_Source\PSoC4/GLCD_SPIM_SCB.c **** 
 174:.\Generated_Source\PSoC4/GLCD_SPIM_SCB.c **** /*******************************************************************************
 175:.\Generated_Source\PSoC4/GLCD_SPIM_SCB.c **** * Function Name: GLCD_SPIM_SCB_Stop
 176:.\Generated_Source\PSoC4/GLCD_SPIM_SCB.c **** ********************************************************************************
 177:.\Generated_Source\PSoC4/GLCD_SPIM_SCB.c **** *
 178:.\Generated_Source\PSoC4/GLCD_SPIM_SCB.c **** * Summary:
 179:.\Generated_Source\PSoC4/GLCD_SPIM_SCB.c **** *  Disables the SCB component.
 180:.\Generated_Source\PSoC4/GLCD_SPIM_SCB.c **** *
 181:.\Generated_Source\PSoC4/GLCD_SPIM_SCB.c **** * Parameters:
 182:.\Generated_Source\PSoC4/GLCD_SPIM_SCB.c **** *  None
 183:.\Generated_Source\PSoC4/GLCD_SPIM_SCB.c **** *
 184:.\Generated_Source\PSoC4/GLCD_SPIM_SCB.c **** * Return:
 185:.\Generated_Source\PSoC4/GLCD_SPIM_SCB.c **** *  None
 186:.\Generated_Source\PSoC4/GLCD_SPIM_SCB.c **** *
 187:.\Generated_Source\PSoC4/GLCD_SPIM_SCB.c **** *******************************************************************************/
 188:.\Generated_Source\PSoC4/GLCD_SPIM_SCB.c **** void GLCD_SPIM_SCB_Stop(void)
 189:.\Generated_Source\PSoC4/GLCD_SPIM_SCB.c **** {
 145              		.loc 1 189 0
 146              		.cfi_startproc
 147 0000 80B5     		push	{r7, lr}
 148              	.LCFI6:
 149              		.cfi_def_cfa_offset 8
 150              		.cfi_offset 7, -8
 151              		.cfi_offset 14, -4
 152 0002 00AF     		add	r7, sp, #0
 153              	.LCFI7:
ARM GAS  C:\Users\Trenton\AppData\Local\Temp\cctUn4Z4.s 			page 7


 154              		.cfi_def_cfa_register 7
 190:.\Generated_Source\PSoC4/GLCD_SPIM_SCB.c ****     GLCD_SPIM_SCB_CTRL_REG &= (uint32) ~GLCD_SPIM_SCB_CTRL_ENABLED;  /* Disable SCB block */
 155              		.loc 1 190 0
 156 0004 044B     		ldr	r3, .L10
 157 0006 044A     		ldr	r2, .L10
 158 0008 1268     		ldr	r2, [r2]
 159 000a 5200     		lsl	r2, r2, #1
 160 000c 5208     		lsr	r2, r2, #1
 161 000e 1A60     		str	r2, [r3]
 191:.\Generated_Source\PSoC4/GLCD_SPIM_SCB.c **** 
 192:.\Generated_Source\PSoC4/GLCD_SPIM_SCB.c ****     #if(GLCD_SPIM_SCB_SCB_IRQ_INTERNAL)
 193:.\Generated_Source\PSoC4/GLCD_SPIM_SCB.c ****         GLCD_SPIM_SCB_SCB_IRQ_ClearPending(); /* Clear pending interrupt */
 194:.\Generated_Source\PSoC4/GLCD_SPIM_SCB.c ****     #endif /* (GLCD_SPIM_SCB_SCB_IRQ_INTERNAL) */
 195:.\Generated_Source\PSoC4/GLCD_SPIM_SCB.c **** 
 196:.\Generated_Source\PSoC4/GLCD_SPIM_SCB.c ****     GLCD_SPIM_SCB_ScbModeStop(); /* Calls scbMode specific Stop function */
 162              		.loc 1 196 0
 163 0010 FFF7FEFF 		bl	GLCD_SPIM_SCB_ScbModeStop
 197:.\Generated_Source\PSoC4/GLCD_SPIM_SCB.c **** }
 164              		.loc 1 197 0
 165 0014 BD46     		mov	sp, r7
 166              		@ sp needed for prologue
 167 0016 80BD     		pop	{r7, pc}
 168              	.L11:
 169              		.align	2
 170              	.L10:
 171 0018 00000740 		.word	1074200576
 172              		.cfi_endproc
 173              	.LFE3:
 174              		.size	GLCD_SPIM_SCB_Stop, .-GLCD_SPIM_SCB_Stop
 175              		.section	.text.GLCD_SPIM_SCB_SetCustomInterruptHandler,"ax",%progbits
 176              		.align	2
 177              		.global	GLCD_SPIM_SCB_SetCustomInterruptHandler
 178              		.code	16
 179              		.thumb_func
 180              		.type	GLCD_SPIM_SCB_SetCustomInterruptHandler, %function
 181              	GLCD_SPIM_SCB_SetCustomInterruptHandler:
 182              	.LFB4:
 198:.\Generated_Source\PSoC4/GLCD_SPIM_SCB.c **** 
 199:.\Generated_Source\PSoC4/GLCD_SPIM_SCB.c **** 
 200:.\Generated_Source\PSoC4/GLCD_SPIM_SCB.c **** /*******************************************************************************
 201:.\Generated_Source\PSoC4/GLCD_SPIM_SCB.c **** * Function Name: GLCD_SPIM_SCB_SetCustomInterruptHandler
 202:.\Generated_Source\PSoC4/GLCD_SPIM_SCB.c **** ********************************************************************************
 203:.\Generated_Source\PSoC4/GLCD_SPIM_SCB.c **** *
 204:.\Generated_Source\PSoC4/GLCD_SPIM_SCB.c **** * Summary:
 205:.\Generated_Source\PSoC4/GLCD_SPIM_SCB.c **** *  Registers a function to be called by the internal interrupt handler.
 206:.\Generated_Source\PSoC4/GLCD_SPIM_SCB.c **** *  First the function that is registered is called, then the internal interrupt
 207:.\Generated_Source\PSoC4/GLCD_SPIM_SCB.c **** *  handler performs any operations such as software buffer management functions
 208:.\Generated_Source\PSoC4/GLCD_SPIM_SCB.c **** *  before the interrupt returns.  It is user's responsibility to not break the
 209:.\Generated_Source\PSoC4/GLCD_SPIM_SCB.c **** *  software buffer operations. Only one custom handler is supported, which is
 210:.\Generated_Source\PSoC4/GLCD_SPIM_SCB.c **** *  the function provided by the most recent call.
 211:.\Generated_Source\PSoC4/GLCD_SPIM_SCB.c **** *  At initialization time no custom handler is registered.
 212:.\Generated_Source\PSoC4/GLCD_SPIM_SCB.c **** *
 213:.\Generated_Source\PSoC4/GLCD_SPIM_SCB.c **** * Parameters:
 214:.\Generated_Source\PSoC4/GLCD_SPIM_SCB.c **** *  func: Pointer to the function to register.
 215:.\Generated_Source\PSoC4/GLCD_SPIM_SCB.c **** *        The value NULL indicates to remove the current custom interrupt
 216:.\Generated_Source\PSoC4/GLCD_SPIM_SCB.c **** *        handler.
 217:.\Generated_Source\PSoC4/GLCD_SPIM_SCB.c **** *
ARM GAS  C:\Users\Trenton\AppData\Local\Temp\cctUn4Z4.s 			page 8


 218:.\Generated_Source\PSoC4/GLCD_SPIM_SCB.c **** * Return:
 219:.\Generated_Source\PSoC4/GLCD_SPIM_SCB.c **** *  None
 220:.\Generated_Source\PSoC4/GLCD_SPIM_SCB.c **** *
 221:.\Generated_Source\PSoC4/GLCD_SPIM_SCB.c **** *******************************************************************************/
 222:.\Generated_Source\PSoC4/GLCD_SPIM_SCB.c **** void GLCD_SPIM_SCB_SetCustomInterruptHandler(cyisraddress func)
 223:.\Generated_Source\PSoC4/GLCD_SPIM_SCB.c **** {
 183              		.loc 1 223 0
 184              		.cfi_startproc
 185 0000 80B5     		push	{r7, lr}
 186              	.LCFI8:
 187              		.cfi_def_cfa_offset 8
 188              		.cfi_offset 7, -8
 189              		.cfi_offset 14, -4
 190 0002 82B0     		sub	sp, sp, #8
 191              	.LCFI9:
 192              		.cfi_def_cfa_offset 16
 193 0004 00AF     		add	r7, sp, #0
 194              	.LCFI10:
 195              		.cfi_def_cfa_register 7
 196 0006 7860     		str	r0, [r7, #4]
 224:.\Generated_Source\PSoC4/GLCD_SPIM_SCB.c ****     GLCD_SPIM_SCB_customIntrHandler = func; /* Register interrupt handler */
 197              		.loc 1 224 0
 198 0008 024B     		ldr	r3, .L13
 199 000a 7A68     		ldr	r2, [r7, #4]
 200 000c 1A60     		str	r2, [r3]
 225:.\Generated_Source\PSoC4/GLCD_SPIM_SCB.c **** }
 201              		.loc 1 225 0
 202 000e BD46     		mov	sp, r7
 203 0010 02B0     		add	sp, sp, #8
 204              		@ sp needed for prologue
 205 0012 80BD     		pop	{r7, pc}
 206              	.L14:
 207              		.align	2
 208              	.L13:
 209 0014 00000000 		.word	GLCD_SPIM_SCB_customIntrHandler
 210              		.cfi_endproc
 211              	.LFE4:
 212              		.size	GLCD_SPIM_SCB_SetCustomInterruptHandler, .-GLCD_SPIM_SCB_SetCustomInterruptHandler
 213              		.section	.text.GLCD_SPIM_SCB_ScbModeStop,"ax",%progbits
 214              		.align	2
 215              		.code	16
 216              		.thumb_func
 217              		.type	GLCD_SPIM_SCB_ScbModeStop, %function
 218              	GLCD_SPIM_SCB_ScbModeStop:
 219              	.LFB5:
 226:.\Generated_Source\PSoC4/GLCD_SPIM_SCB.c **** 
 227:.\Generated_Source\PSoC4/GLCD_SPIM_SCB.c **** 
 228:.\Generated_Source\PSoC4/GLCD_SPIM_SCB.c **** /*******************************************************************************
 229:.\Generated_Source\PSoC4/GLCD_SPIM_SCB.c **** * Function Name: GLCD_SPIM_SCB_ScbModeStop
 230:.\Generated_Source\PSoC4/GLCD_SPIM_SCB.c **** ********************************************************************************
 231:.\Generated_Source\PSoC4/GLCD_SPIM_SCB.c **** *
 232:.\Generated_Source\PSoC4/GLCD_SPIM_SCB.c **** * Summary:
 233:.\Generated_Source\PSoC4/GLCD_SPIM_SCB.c **** *  Calls Stop function for specific operation mode.
 234:.\Generated_Source\PSoC4/GLCD_SPIM_SCB.c **** *
 235:.\Generated_Source\PSoC4/GLCD_SPIM_SCB.c **** * Parameters:
 236:.\Generated_Source\PSoC4/GLCD_SPIM_SCB.c **** *  None
 237:.\Generated_Source\PSoC4/GLCD_SPIM_SCB.c **** *
ARM GAS  C:\Users\Trenton\AppData\Local\Temp\cctUn4Z4.s 			page 9


 238:.\Generated_Source\PSoC4/GLCD_SPIM_SCB.c **** * Return:
 239:.\Generated_Source\PSoC4/GLCD_SPIM_SCB.c **** *  None
 240:.\Generated_Source\PSoC4/GLCD_SPIM_SCB.c **** *
 241:.\Generated_Source\PSoC4/GLCD_SPIM_SCB.c **** *******************************************************************************/
 242:.\Generated_Source\PSoC4/GLCD_SPIM_SCB.c **** static void GLCD_SPIM_SCB_ScbModeStop(void)
 243:.\Generated_Source\PSoC4/GLCD_SPIM_SCB.c **** {
 220              		.loc 1 243 0
 221              		.cfi_startproc
 222 0000 80B5     		push	{r7, lr}
 223              	.LCFI11:
 224              		.cfi_def_cfa_offset 8
 225              		.cfi_offset 7, -8
 226              		.cfi_offset 14, -4
 227 0002 00AF     		add	r7, sp, #0
 228              	.LCFI12:
 229              		.cfi_def_cfa_register 7
 244:.\Generated_Source\PSoC4/GLCD_SPIM_SCB.c ****     #if(GLCD_SPIM_SCB_SCB_MODE_UNCONFIG_CONST_CFG)
 245:.\Generated_Source\PSoC4/GLCD_SPIM_SCB.c ****         if(GLCD_SPIM_SCB_SCB_MODE_I2C_RUNTM_CFG)
 246:.\Generated_Source\PSoC4/GLCD_SPIM_SCB.c ****         {
 247:.\Generated_Source\PSoC4/GLCD_SPIM_SCB.c ****             GLCD_SPIM_SCB_I2CStop();
 248:.\Generated_Source\PSoC4/GLCD_SPIM_SCB.c ****         }
 249:.\Generated_Source\PSoC4/GLCD_SPIM_SCB.c ****     #elif(GLCD_SPIM_SCB_SCB_MODE_I2C_CONST_CFG)
 250:.\Generated_Source\PSoC4/GLCD_SPIM_SCB.c ****         GLCD_SPIM_SCB_I2CStop();
 251:.\Generated_Source\PSoC4/GLCD_SPIM_SCB.c ****     #else
 252:.\Generated_Source\PSoC4/GLCD_SPIM_SCB.c **** 
 253:.\Generated_Source\PSoC4/GLCD_SPIM_SCB.c ****     #endif /* (GLCD_SPIM_SCB_SCB_MODE_UNCONFIG_CONST_CFG) */
 254:.\Generated_Source\PSoC4/GLCD_SPIM_SCB.c **** }
 230              		.loc 1 254 0
 231 0004 BD46     		mov	sp, r7
 232              		@ sp needed for prologue
 233 0006 80BD     		pop	{r7, pc}
 234              		.cfi_endproc
 235              	.LFE5:
 236              		.size	GLCD_SPIM_SCB_ScbModeStop, .-GLCD_SPIM_SCB_ScbModeStop
 237              		.text
 238              	.Letext0:
 239              		.file 2 ".\\Generated_Source\\PSoC4\\cytypes.h"
 240              		.section	.debug_info,"",%progbits
 241              	.Ldebug_info0:
 242 0000 7C010000 		.4byte	0x17c
 243 0004 0200     		.2byte	0x2
 244 0006 00000000 		.4byte	.Ldebug_abbrev0
 245 000a 04       		.byte	0x4
 246 000b 01       		.uleb128 0x1
 247 000c 77000000 		.4byte	.LASF23
 248 0010 01       		.byte	0x1
 249 0011 E0010000 		.4byte	.LASF24
 250 0015 1C010000 		.4byte	.LASF25
 251 0019 00000000 		.4byte	.Ldebug_ranges0+0
 252 001d 00000000 		.4byte	0
 253 0021 00000000 		.4byte	0
 254 0025 00000000 		.4byte	.Ldebug_line0
 255 0029 02       		.uleb128 0x2
 256 002a 01       		.byte	0x1
 257 002b 06       		.byte	0x6
 258 002c D4010000 		.4byte	.LASF0
 259 0030 02       		.uleb128 0x2
ARM GAS  C:\Users\Trenton\AppData\Local\Temp\cctUn4Z4.s 			page 10


 260 0031 01       		.byte	0x1
 261 0032 08       		.byte	0x8
 262 0033 E9000000 		.4byte	.LASF1
 263 0037 02       		.uleb128 0x2
 264 0038 02       		.byte	0x2
 265 0039 05       		.byte	0x5
 266 003a 12010000 		.4byte	.LASF2
 267 003e 02       		.uleb128 0x2
 268 003f 02       		.byte	0x2
 269 0040 07       		.byte	0x7
 270 0041 C1010000 		.4byte	.LASF3
 271 0045 02       		.uleb128 0x2
 272 0046 04       		.byte	0x4
 273 0047 05       		.byte	0x5
 274 0048 FC000000 		.4byte	.LASF4
 275 004c 02       		.uleb128 0x2
 276 004d 04       		.byte	0x4
 277 004e 07       		.byte	0x7
 278 004f 4E000000 		.4byte	.LASF5
 279 0053 02       		.uleb128 0x2
 280 0054 08       		.byte	0x8
 281 0055 05       		.byte	0x5
 282 0056 00000000 		.4byte	.LASF6
 283 005a 02       		.uleb128 0x2
 284 005b 08       		.byte	0x8
 285 005c 07       		.byte	0x7
 286 005d 60000000 		.4byte	.LASF7
 287 0061 03       		.uleb128 0x3
 288 0062 04       		.byte	0x4
 289 0063 05       		.byte	0x5
 290 0064 696E7400 		.ascii	"int\000"
 291 0068 02       		.uleb128 0x2
 292 0069 04       		.byte	0x4
 293 006a 07       		.byte	0x7
 294 006b 15000000 		.4byte	.LASF8
 295 006f 04       		.uleb128 0x4
 296 0070 48000000 		.4byte	.LASF9
 297 0074 02       		.byte	0x2
 298 0075 5B       		.byte	0x5b
 299 0076 30000000 		.4byte	0x30
 300 007a 04       		.uleb128 0x4
 301 007b 0E000000 		.4byte	.LASF10
 302 007f 02       		.byte	0x2
 303 0080 5D       		.byte	0x5d
 304 0081 4C000000 		.4byte	0x4c
 305 0085 02       		.uleb128 0x2
 306 0086 04       		.byte	0x4
 307 0087 04       		.byte	0x4
 308 0088 09020000 		.4byte	.LASF11
 309 008c 02       		.uleb128 0x2
 310 008d 08       		.byte	0x8
 311 008e 04       		.byte	0x4
 312 008f 8C010000 		.4byte	.LASF12
 313 0093 02       		.uleb128 0x2
 314 0094 01       		.byte	0x1
 315 0095 08       		.byte	0x8
 316 0096 F7000000 		.4byte	.LASF13
ARM GAS  C:\Users\Trenton\AppData\Local\Temp\cctUn4Z4.s 			page 11


 317 009a 04       		.uleb128 0x4
 318 009b 93010000 		.4byte	.LASF14
 319 009f 02       		.byte	0x2
 320 00a0 F2       		.byte	0xf2
 321 00a1 A5000000 		.4byte	0xa5
 322 00a5 05       		.uleb128 0x5
 323 00a6 7A000000 		.4byte	0x7a
 324 00aa 06       		.uleb128 0x6
 325 00ab 05010000 		.4byte	.LASF15
 326 00af 02       		.byte	0x2
 327 00b0 0201     		.2byte	0x102
 328 00b2 B6000000 		.4byte	0xb6
 329 00b6 07       		.uleb128 0x7
 330 00b7 04       		.byte	0x4
 331 00b8 BC000000 		.4byte	0xbc
 332 00bc 08       		.uleb128 0x8
 333 00bd 01       		.byte	0x1
 334 00be 02       		.uleb128 0x2
 335 00bf 04       		.byte	0x4
 336 00c0 07       		.byte	0x7
 337 00c1 64020000 		.4byte	.LASF16
 338 00c5 09       		.uleb128 0x9
 339 00c6 01       		.byte	0x1
 340 00c7 35000000 		.4byte	.LASF17
 341 00cb 01       		.byte	0x1
 342 00cc 56       		.byte	0x56
 343 00cd 01       		.byte	0x1
 344 00ce 00000000 		.4byte	.LFB0
 345 00d2 0C000000 		.4byte	.LFE0
 346 00d6 00000000 		.4byte	.LLST0
 347 00da 01       		.byte	0x1
 348 00db 0A       		.uleb128 0xa
 349 00dc 01       		.byte	0x1
 350 00dd D4000000 		.4byte	.LASF18
 351 00e1 01       		.byte	0x1
 352 00e2 81       		.byte	0x81
 353 00e3 01       		.byte	0x1
 354 00e4 00000000 		.4byte	.LFB1
 355 00e8 1C000000 		.4byte	.LFE1
 356 00ec 2C000000 		.4byte	.LLST1
 357 00f0 01       		.byte	0x1
 358 00f1 09       		.uleb128 0x9
 359 00f2 01       		.byte	0x1
 360 00f3 C0000000 		.4byte	.LASF19
 361 00f7 01       		.byte	0x1
 362 00f8 A2       		.byte	0xa2
 363 00f9 01       		.byte	0x1
 364 00fa 00000000 		.4byte	.LFB2
 365 00fe 24000000 		.4byte	.LFE2
 366 0102 58000000 		.4byte	.LLST2
 367 0106 01       		.byte	0x1
 368 0107 09       		.uleb128 0x9
 369 0108 01       		.byte	0x1
 370 0109 22000000 		.4byte	.LASF20
 371 010d 01       		.byte	0x1
 372 010e BC       		.byte	0xbc
 373 010f 01       		.byte	0x1
ARM GAS  C:\Users\Trenton\AppData\Local\Temp\cctUn4Z4.s 			page 12


 374 0110 00000000 		.4byte	.LFB3
 375 0114 1C000000 		.4byte	.LFE3
 376 0118 84000000 		.4byte	.LLST3
 377 011c 01       		.byte	0x1
 378 011d 0B       		.uleb128 0xb
 379 011e 01       		.byte	0x1
 380 011f 99010000 		.4byte	.LASF26
 381 0123 01       		.byte	0x1
 382 0124 DE       		.byte	0xde
 383 0125 01       		.byte	0x1
 384 0126 00000000 		.4byte	.LFB4
 385 012a 18000000 		.4byte	.LFE4
 386 012e B0000000 		.4byte	.LLST4
 387 0132 01       		.byte	0x1
 388 0133 46010000 		.4byte	0x146
 389 0137 0C       		.uleb128 0xc
 390 0138 5F020000 		.4byte	.LASF27
 391 013c 01       		.byte	0x1
 392 013d DE       		.byte	0xde
 393 013e AA000000 		.4byte	0xaa
 394 0142 02       		.byte	0x2
 395 0143 91       		.byte	0x91
 396 0144 74       		.sleb128 -12
 397 0145 00       		.byte	0
 398 0146 0D       		.uleb128 0xd
 399 0147 45020000 		.4byte	.LASF28
 400 014b 01       		.byte	0x1
 401 014c F2       		.byte	0xf2
 402 014d 01       		.byte	0x1
 403 014e 00000000 		.4byte	.LFB5
 404 0152 08000000 		.4byte	.LFE5
 405 0156 E8000000 		.4byte	.LLST5
 406 015a 01       		.byte	0x1
 407 015b 0E       		.uleb128 0xe
 408 015c 2F020000 		.4byte	.LASF21
 409 0160 01       		.byte	0x1
 410 0161 3A       		.byte	0x3a
 411 0162 6F000000 		.4byte	0x6f
 412 0166 01       		.byte	0x1
 413 0167 05       		.byte	0x5
 414 0168 03       		.byte	0x3
 415 0169 00000000 		.4byte	GLCD_SPIM_SCB_initVar
 416 016d 0E       		.uleb128 0xe
 417 016e 0F020000 		.4byte	.LASF22
 418 0172 01       		.byte	0x1
 419 0173 3B       		.byte	0x3b
 420 0174 AA000000 		.4byte	0xaa
 421 0178 01       		.byte	0x1
 422 0179 05       		.byte	0x5
 423 017a 03       		.byte	0x3
 424 017b 00000000 		.4byte	GLCD_SPIM_SCB_customIntrHandler
 425 017f 00       		.byte	0
 426              		.section	.debug_abbrev,"",%progbits
 427              	.Ldebug_abbrev0:
 428 0000 01       		.uleb128 0x1
 429 0001 11       		.uleb128 0x11
 430 0002 01       		.byte	0x1
ARM GAS  C:\Users\Trenton\AppData\Local\Temp\cctUn4Z4.s 			page 13


 431 0003 25       		.uleb128 0x25
 432 0004 0E       		.uleb128 0xe
 433 0005 13       		.uleb128 0x13
 434 0006 0B       		.uleb128 0xb
 435 0007 03       		.uleb128 0x3
 436 0008 0E       		.uleb128 0xe
 437 0009 1B       		.uleb128 0x1b
 438 000a 0E       		.uleb128 0xe
 439 000b 55       		.uleb128 0x55
 440 000c 06       		.uleb128 0x6
 441 000d 11       		.uleb128 0x11
 442 000e 01       		.uleb128 0x1
 443 000f 52       		.uleb128 0x52
 444 0010 01       		.uleb128 0x1
 445 0011 10       		.uleb128 0x10
 446 0012 06       		.uleb128 0x6
 447 0013 00       		.byte	0
 448 0014 00       		.byte	0
 449 0015 02       		.uleb128 0x2
 450 0016 24       		.uleb128 0x24
 451 0017 00       		.byte	0
 452 0018 0B       		.uleb128 0xb
 453 0019 0B       		.uleb128 0xb
 454 001a 3E       		.uleb128 0x3e
 455 001b 0B       		.uleb128 0xb
 456 001c 03       		.uleb128 0x3
 457 001d 0E       		.uleb128 0xe
 458 001e 00       		.byte	0
 459 001f 00       		.byte	0
 460 0020 03       		.uleb128 0x3
 461 0021 24       		.uleb128 0x24
 462 0022 00       		.byte	0
 463 0023 0B       		.uleb128 0xb
 464 0024 0B       		.uleb128 0xb
 465 0025 3E       		.uleb128 0x3e
 466 0026 0B       		.uleb128 0xb
 467 0027 03       		.uleb128 0x3
 468 0028 08       		.uleb128 0x8
 469 0029 00       		.byte	0
 470 002a 00       		.byte	0
 471 002b 04       		.uleb128 0x4
 472 002c 16       		.uleb128 0x16
 473 002d 00       		.byte	0
 474 002e 03       		.uleb128 0x3
 475 002f 0E       		.uleb128 0xe
 476 0030 3A       		.uleb128 0x3a
 477 0031 0B       		.uleb128 0xb
 478 0032 3B       		.uleb128 0x3b
 479 0033 0B       		.uleb128 0xb
 480 0034 49       		.uleb128 0x49
 481 0035 13       		.uleb128 0x13
 482 0036 00       		.byte	0
 483 0037 00       		.byte	0
 484 0038 05       		.uleb128 0x5
 485 0039 35       		.uleb128 0x35
 486 003a 00       		.byte	0
 487 003b 49       		.uleb128 0x49
ARM GAS  C:\Users\Trenton\AppData\Local\Temp\cctUn4Z4.s 			page 14


 488 003c 13       		.uleb128 0x13
 489 003d 00       		.byte	0
 490 003e 00       		.byte	0
 491 003f 06       		.uleb128 0x6
 492 0040 16       		.uleb128 0x16
 493 0041 00       		.byte	0
 494 0042 03       		.uleb128 0x3
 495 0043 0E       		.uleb128 0xe
 496 0044 3A       		.uleb128 0x3a
 497 0045 0B       		.uleb128 0xb
 498 0046 3B       		.uleb128 0x3b
 499 0047 05       		.uleb128 0x5
 500 0048 49       		.uleb128 0x49
 501 0049 13       		.uleb128 0x13
 502 004a 00       		.byte	0
 503 004b 00       		.byte	0
 504 004c 07       		.uleb128 0x7
 505 004d 0F       		.uleb128 0xf
 506 004e 00       		.byte	0
 507 004f 0B       		.uleb128 0xb
 508 0050 0B       		.uleb128 0xb
 509 0051 49       		.uleb128 0x49
 510 0052 13       		.uleb128 0x13
 511 0053 00       		.byte	0
 512 0054 00       		.byte	0
 513 0055 08       		.uleb128 0x8
 514 0056 15       		.uleb128 0x15
 515 0057 00       		.byte	0
 516 0058 27       		.uleb128 0x27
 517 0059 0C       		.uleb128 0xc
 518 005a 00       		.byte	0
 519 005b 00       		.byte	0
 520 005c 09       		.uleb128 0x9
 521 005d 2E       		.uleb128 0x2e
 522 005e 00       		.byte	0
 523 005f 3F       		.uleb128 0x3f
 524 0060 0C       		.uleb128 0xc
 525 0061 03       		.uleb128 0x3
 526 0062 0E       		.uleb128 0xe
 527 0063 3A       		.uleb128 0x3a
 528 0064 0B       		.uleb128 0xb
 529 0065 3B       		.uleb128 0x3b
 530 0066 0B       		.uleb128 0xb
 531 0067 27       		.uleb128 0x27
 532 0068 0C       		.uleb128 0xc
 533 0069 11       		.uleb128 0x11
 534 006a 01       		.uleb128 0x1
 535 006b 12       		.uleb128 0x12
 536 006c 01       		.uleb128 0x1
 537 006d 40       		.uleb128 0x40
 538 006e 06       		.uleb128 0x6
 539 006f 9642     		.uleb128 0x2116
 540 0071 0C       		.uleb128 0xc
 541 0072 00       		.byte	0
 542 0073 00       		.byte	0
 543 0074 0A       		.uleb128 0xa
 544 0075 2E       		.uleb128 0x2e
ARM GAS  C:\Users\Trenton\AppData\Local\Temp\cctUn4Z4.s 			page 15


 545 0076 00       		.byte	0
 546 0077 3F       		.uleb128 0x3f
 547 0078 0C       		.uleb128 0xc
 548 0079 03       		.uleb128 0x3
 549 007a 0E       		.uleb128 0xe
 550 007b 3A       		.uleb128 0x3a
 551 007c 0B       		.uleb128 0xb
 552 007d 3B       		.uleb128 0x3b
 553 007e 0B       		.uleb128 0xb
 554 007f 27       		.uleb128 0x27
 555 0080 0C       		.uleb128 0xc
 556 0081 11       		.uleb128 0x11
 557 0082 01       		.uleb128 0x1
 558 0083 12       		.uleb128 0x12
 559 0084 01       		.uleb128 0x1
 560 0085 40       		.uleb128 0x40
 561 0086 06       		.uleb128 0x6
 562 0087 9742     		.uleb128 0x2117
 563 0089 0C       		.uleb128 0xc
 564 008a 00       		.byte	0
 565 008b 00       		.byte	0
 566 008c 0B       		.uleb128 0xb
 567 008d 2E       		.uleb128 0x2e
 568 008e 01       		.byte	0x1
 569 008f 3F       		.uleb128 0x3f
 570 0090 0C       		.uleb128 0xc
 571 0091 03       		.uleb128 0x3
 572 0092 0E       		.uleb128 0xe
 573 0093 3A       		.uleb128 0x3a
 574 0094 0B       		.uleb128 0xb
 575 0095 3B       		.uleb128 0x3b
 576 0096 0B       		.uleb128 0xb
 577 0097 27       		.uleb128 0x27
 578 0098 0C       		.uleb128 0xc
 579 0099 11       		.uleb128 0x11
 580 009a 01       		.uleb128 0x1
 581 009b 12       		.uleb128 0x12
 582 009c 01       		.uleb128 0x1
 583 009d 40       		.uleb128 0x40
 584 009e 06       		.uleb128 0x6
 585 009f 9742     		.uleb128 0x2117
 586 00a1 0C       		.uleb128 0xc
 587 00a2 01       		.uleb128 0x1
 588 00a3 13       		.uleb128 0x13
 589 00a4 00       		.byte	0
 590 00a5 00       		.byte	0
 591 00a6 0C       		.uleb128 0xc
 592 00a7 05       		.uleb128 0x5
 593 00a8 00       		.byte	0
 594 00a9 03       		.uleb128 0x3
 595 00aa 0E       		.uleb128 0xe
 596 00ab 3A       		.uleb128 0x3a
 597 00ac 0B       		.uleb128 0xb
 598 00ad 3B       		.uleb128 0x3b
 599 00ae 0B       		.uleb128 0xb
 600 00af 49       		.uleb128 0x49
 601 00b0 13       		.uleb128 0x13
ARM GAS  C:\Users\Trenton\AppData\Local\Temp\cctUn4Z4.s 			page 16


 602 00b1 02       		.uleb128 0x2
 603 00b2 0A       		.uleb128 0xa
 604 00b3 00       		.byte	0
 605 00b4 00       		.byte	0
 606 00b5 0D       		.uleb128 0xd
 607 00b6 2E       		.uleb128 0x2e
 608 00b7 00       		.byte	0
 609 00b8 03       		.uleb128 0x3
 610 00b9 0E       		.uleb128 0xe
 611 00ba 3A       		.uleb128 0x3a
 612 00bb 0B       		.uleb128 0xb
 613 00bc 3B       		.uleb128 0x3b
 614 00bd 0B       		.uleb128 0xb
 615 00be 27       		.uleb128 0x27
 616 00bf 0C       		.uleb128 0xc
 617 00c0 11       		.uleb128 0x11
 618 00c1 01       		.uleb128 0x1
 619 00c2 12       		.uleb128 0x12
 620 00c3 01       		.uleb128 0x1
 621 00c4 40       		.uleb128 0x40
 622 00c5 06       		.uleb128 0x6
 623 00c6 9742     		.uleb128 0x2117
 624 00c8 0C       		.uleb128 0xc
 625 00c9 00       		.byte	0
 626 00ca 00       		.byte	0
 627 00cb 0E       		.uleb128 0xe
 628 00cc 34       		.uleb128 0x34
 629 00cd 00       		.byte	0
 630 00ce 03       		.uleb128 0x3
 631 00cf 0E       		.uleb128 0xe
 632 00d0 3A       		.uleb128 0x3a
 633 00d1 0B       		.uleb128 0xb
 634 00d2 3B       		.uleb128 0x3b
 635 00d3 0B       		.uleb128 0xb
 636 00d4 49       		.uleb128 0x49
 637 00d5 13       		.uleb128 0x13
 638 00d6 3F       		.uleb128 0x3f
 639 00d7 0C       		.uleb128 0xc
 640 00d8 02       		.uleb128 0x2
 641 00d9 0A       		.uleb128 0xa
 642 00da 00       		.byte	0
 643 00db 00       		.byte	0
 644 00dc 00       		.byte	0
 645              		.section	.debug_loc,"",%progbits
 646              	.Ldebug_loc0:
 647              	.LLST0:
 648 0000 00000000 		.4byte	.LFB0
 649 0004 02000000 		.4byte	.LCFI0
 650 0008 0200     		.2byte	0x2
 651 000a 7D       		.byte	0x7d
 652 000b 00       		.sleb128 0
 653 000c 02000000 		.4byte	.LCFI0
 654 0010 04000000 		.4byte	.LCFI1
 655 0014 0200     		.2byte	0x2
 656 0016 7D       		.byte	0x7d
 657 0017 08       		.sleb128 8
 658 0018 04000000 		.4byte	.LCFI1
ARM GAS  C:\Users\Trenton\AppData\Local\Temp\cctUn4Z4.s 			page 17


 659 001c 0C000000 		.4byte	.LFE0
 660 0020 0200     		.2byte	0x2
 661 0022 77       		.byte	0x77
 662 0023 08       		.sleb128 8
 663 0024 00000000 		.4byte	0
 664 0028 00000000 		.4byte	0
 665              	.LLST1:
 666 002c 00000000 		.4byte	.LFB1
 667 0030 02000000 		.4byte	.LCFI2
 668 0034 0200     		.2byte	0x2
 669 0036 7D       		.byte	0x7d
 670 0037 00       		.sleb128 0
 671 0038 02000000 		.4byte	.LCFI2
 672 003c 04000000 		.4byte	.LCFI3
 673 0040 0200     		.2byte	0x2
 674 0042 7D       		.byte	0x7d
 675 0043 08       		.sleb128 8
 676 0044 04000000 		.4byte	.LCFI3
 677 0048 1C000000 		.4byte	.LFE1
 678 004c 0200     		.2byte	0x2
 679 004e 77       		.byte	0x77
 680 004f 08       		.sleb128 8
 681 0050 00000000 		.4byte	0
 682 0054 00000000 		.4byte	0
 683              	.LLST2:
 684 0058 00000000 		.4byte	.LFB2
 685 005c 02000000 		.4byte	.LCFI4
 686 0060 0200     		.2byte	0x2
 687 0062 7D       		.byte	0x7d
 688 0063 00       		.sleb128 0
 689 0064 02000000 		.4byte	.LCFI4
 690 0068 04000000 		.4byte	.LCFI5
 691 006c 0200     		.2byte	0x2
 692 006e 7D       		.byte	0x7d
 693 006f 08       		.sleb128 8
 694 0070 04000000 		.4byte	.LCFI5
 695 0074 24000000 		.4byte	.LFE2
 696 0078 0200     		.2byte	0x2
 697 007a 77       		.byte	0x77
 698 007b 08       		.sleb128 8
 699 007c 00000000 		.4byte	0
 700 0080 00000000 		.4byte	0
 701              	.LLST3:
 702 0084 00000000 		.4byte	.LFB3
 703 0088 02000000 		.4byte	.LCFI6
 704 008c 0200     		.2byte	0x2
 705 008e 7D       		.byte	0x7d
 706 008f 00       		.sleb128 0
 707 0090 02000000 		.4byte	.LCFI6
 708 0094 04000000 		.4byte	.LCFI7
 709 0098 0200     		.2byte	0x2
 710 009a 7D       		.byte	0x7d
 711 009b 08       		.sleb128 8
 712 009c 04000000 		.4byte	.LCFI7
 713 00a0 1C000000 		.4byte	.LFE3
 714 00a4 0200     		.2byte	0x2
 715 00a6 77       		.byte	0x77
ARM GAS  C:\Users\Trenton\AppData\Local\Temp\cctUn4Z4.s 			page 18


 716 00a7 08       		.sleb128 8
 717 00a8 00000000 		.4byte	0
 718 00ac 00000000 		.4byte	0
 719              	.LLST4:
 720 00b0 00000000 		.4byte	.LFB4
 721 00b4 02000000 		.4byte	.LCFI8
 722 00b8 0200     		.2byte	0x2
 723 00ba 7D       		.byte	0x7d
 724 00bb 00       		.sleb128 0
 725 00bc 02000000 		.4byte	.LCFI8
 726 00c0 04000000 		.4byte	.LCFI9
 727 00c4 0200     		.2byte	0x2
 728 00c6 7D       		.byte	0x7d
 729 00c7 08       		.sleb128 8
 730 00c8 04000000 		.4byte	.LCFI9
 731 00cc 06000000 		.4byte	.LCFI10
 732 00d0 0200     		.2byte	0x2
 733 00d2 7D       		.byte	0x7d
 734 00d3 10       		.sleb128 16
 735 00d4 06000000 		.4byte	.LCFI10
 736 00d8 18000000 		.4byte	.LFE4
 737 00dc 0200     		.2byte	0x2
 738 00de 77       		.byte	0x77
 739 00df 10       		.sleb128 16
 740 00e0 00000000 		.4byte	0
 741 00e4 00000000 		.4byte	0
 742              	.LLST5:
 743 00e8 00000000 		.4byte	.LFB5
 744 00ec 02000000 		.4byte	.LCFI11
 745 00f0 0200     		.2byte	0x2
 746 00f2 7D       		.byte	0x7d
 747 00f3 00       		.sleb128 0
 748 00f4 02000000 		.4byte	.LCFI11
 749 00f8 04000000 		.4byte	.LCFI12
 750 00fc 0200     		.2byte	0x2
 751 00fe 7D       		.byte	0x7d
 752 00ff 08       		.sleb128 8
 753 0100 04000000 		.4byte	.LCFI12
 754 0104 08000000 		.4byte	.LFE5
 755 0108 0200     		.2byte	0x2
 756 010a 77       		.byte	0x77
 757 010b 08       		.sleb128 8
 758 010c 00000000 		.4byte	0
 759 0110 00000000 		.4byte	0
 760              		.section	.debug_aranges,"",%progbits
 761 0000 44000000 		.4byte	0x44
 762 0004 0200     		.2byte	0x2
 763 0006 00000000 		.4byte	.Ldebug_info0
 764 000a 04       		.byte	0x4
 765 000b 00       		.byte	0
 766 000c 0000     		.2byte	0
 767 000e 0000     		.2byte	0
 768 0010 00000000 		.4byte	.LFB0
 769 0014 0C000000 		.4byte	.LFE0-.LFB0
 770 0018 00000000 		.4byte	.LFB1
 771 001c 1C000000 		.4byte	.LFE1-.LFB1
 772 0020 00000000 		.4byte	.LFB2
ARM GAS  C:\Users\Trenton\AppData\Local\Temp\cctUn4Z4.s 			page 19


 773 0024 24000000 		.4byte	.LFE2-.LFB2
 774 0028 00000000 		.4byte	.LFB3
 775 002c 1C000000 		.4byte	.LFE3-.LFB3
 776 0030 00000000 		.4byte	.LFB4
 777 0034 18000000 		.4byte	.LFE4-.LFB4
 778 0038 00000000 		.4byte	.LFB5
 779 003c 08000000 		.4byte	.LFE5-.LFB5
 780 0040 00000000 		.4byte	0
 781 0044 00000000 		.4byte	0
 782              		.section	.debug_ranges,"",%progbits
 783              	.Ldebug_ranges0:
 784 0000 00000000 		.4byte	.LFB0
 785 0004 0C000000 		.4byte	.LFE0
 786 0008 00000000 		.4byte	.LFB1
 787 000c 1C000000 		.4byte	.LFE1
 788 0010 00000000 		.4byte	.LFB2
 789 0014 24000000 		.4byte	.LFE2
 790 0018 00000000 		.4byte	.LFB3
 791 001c 1C000000 		.4byte	.LFE3
 792 0020 00000000 		.4byte	.LFB4
 793 0024 18000000 		.4byte	.LFE4
 794 0028 00000000 		.4byte	.LFB5
 795 002c 08000000 		.4byte	.LFE5
 796 0030 00000000 		.4byte	0
 797 0034 00000000 		.4byte	0
 798              		.section	.debug_line,"",%progbits
 799              	.Ldebug_line0:
 800 0000 C5000000 		.section	.debug_str,"MS",%progbits,1
 800      02004C00 
 800      00000201 
 800      FB0E0D00 
 800      01010101 
 801              	.LASF6:
 802 0000 6C6F6E67 		.ascii	"long long int\000"
 802      206C6F6E 
 802      6720696E 
 802      7400
 803              	.LASF10:
 804 000e 75696E74 		.ascii	"uint32\000"
 804      333200
 805              	.LASF8:
 806 0015 756E7369 		.ascii	"unsigned int\000"
 806      676E6564 
 806      20696E74 
 806      00
 807              	.LASF20:
 808 0022 474C4344 		.ascii	"GLCD_SPIM_SCB_Stop\000"
 808      5F535049 
 808      4D5F5343 
 808      425F5374 
 808      6F7000
 809              	.LASF17:
 810 0035 474C4344 		.ascii	"GLCD_SPIM_SCB_Init\000"
 810      5F535049 
 810      4D5F5343 
 810      425F496E 
 810      697400
ARM GAS  C:\Users\Trenton\AppData\Local\Temp\cctUn4Z4.s 			page 20


 811              	.LASF9:
 812 0048 75696E74 		.ascii	"uint8\000"
 812      3800
 813              	.LASF5:
 814 004e 6C6F6E67 		.ascii	"long unsigned int\000"
 814      20756E73 
 814      69676E65 
 814      6420696E 
 814      7400
 815              	.LASF7:
 816 0060 6C6F6E67 		.ascii	"long long unsigned int\000"
 816      206C6F6E 
 816      6720756E 
 816      7369676E 
 816      65642069 
 817              	.LASF23:
 818 0077 474E5520 		.ascii	"GNU C 4.7.3 20130312 (release) [ARM/embedded-4_7-br"
 818      4320342E 
 818      372E3320 
 818      32303133 
 818      30333132 
 819 00aa 616E6368 		.ascii	"anch revision 196615]\000"
 819      20726576 
 819      6973696F 
 819      6E203139 
 819      36363135 
 820              	.LASF19:
 821 00c0 474C4344 		.ascii	"GLCD_SPIM_SCB_Start\000"
 821      5F535049 
 821      4D5F5343 
 821      425F5374 
 821      61727400 
 822              	.LASF18:
 823 00d4 474C4344 		.ascii	"GLCD_SPIM_SCB_Enable\000"
 823      5F535049 
 823      4D5F5343 
 823      425F456E 
 823      61626C65 
 824              	.LASF1:
 825 00e9 756E7369 		.ascii	"unsigned char\000"
 825      676E6564 
 825      20636861 
 825      7200
 826              	.LASF13:
 827 00f7 63686172 		.ascii	"char\000"
 827      00
 828              	.LASF4:
 829 00fc 6C6F6E67 		.ascii	"long int\000"
 829      20696E74 
 829      00
 830              	.LASF15:
 831 0105 63796973 		.ascii	"cyisraddress\000"
 831      72616464 
 831      72657373 
 831      00
 832              	.LASF2:
 833 0112 73686F72 		.ascii	"short int\000"
ARM GAS  C:\Users\Trenton\AppData\Local\Temp\cctUn4Z4.s 			page 21


 833      7420696E 
 833      7400
 834              	.LASF25:
 835 011c 433A5C55 		.ascii	"C:\\Users\\Trenton\\Desktop\\School Stuff\\Junior Y"
 835      73657273 
 835      5C547265 
 835      6E746F6E 
 835      5C446573 
 836 014a 65617220 		.ascii	"ear (2013-2014)\\Spring 2014\\Microcontrollers\\Dua"
 836      28323031 
 836      332D3230 
 836      3134295C 
 836      53707269 
 837 017a 6C5F5374 		.ascii	"l_Starblast.cydsn\000"
 837      6172626C 
 837      6173742E 
 837      63796473 
 837      6E00
 838              	.LASF12:
 839 018c 646F7562 		.ascii	"double\000"
 839      6C6500
 840              	.LASF14:
 841 0193 72656733 		.ascii	"reg32\000"
 841      3200
 842              	.LASF26:
 843 0199 474C4344 		.ascii	"GLCD_SPIM_SCB_SetCustomInterruptHandler\000"
 843      5F535049 
 843      4D5F5343 
 843      425F5365 
 843      74437573 
 844              	.LASF3:
 845 01c1 73686F72 		.ascii	"short unsigned int\000"
 845      7420756E 
 845      7369676E 
 845      65642069 
 845      6E7400
 846              	.LASF0:
 847 01d4 7369676E 		.ascii	"signed char\000"
 847      65642063 
 847      68617200 
 848              	.LASF24:
 849 01e0 2E5C4765 		.ascii	".\\Generated_Source\\PSoC4\\GLCD_SPIM_SCB.c\000"
 849      6E657261 
 849      7465645F 
 849      536F7572 
 849      63655C50 
 850              	.LASF11:
 851 0209 666C6F61 		.ascii	"float\000"
 851      7400
 852              	.LASF22:
 853 020f 474C4344 		.ascii	"GLCD_SPIM_SCB_customIntrHandler\000"
 853      5F535049 
 853      4D5F5343 
 853      425F6375 
 853      73746F6D 
 854              	.LASF21:
 855 022f 474C4344 		.ascii	"GLCD_SPIM_SCB_initVar\000"
ARM GAS  C:\Users\Trenton\AppData\Local\Temp\cctUn4Z4.s 			page 22


 855      5F535049 
 855      4D5F5343 
 855      425F696E 
 855      69745661 
 856              	.LASF28:
 857 0245 474C4344 		.ascii	"GLCD_SPIM_SCB_ScbModeStop\000"
 857      5F535049 
 857      4D5F5343 
 857      425F5363 
 857      624D6F64 
 858              	.LASF27:
 859 025f 66756E63 		.ascii	"func\000"
 859      00
 860              	.LASF16:
 861 0264 73697A65 		.ascii	"sizetype\000"
 861      74797065 
 861      00
 862              		.ident	"GCC: (GNU Tools for ARM Embedded Processors) 4.7.3 20130312 (release) [ARM/embedded-4_7-br
